<?xml version="1.0" encoding="UTF-8"?>
<testsuite xmlns:xsi="http://www.w3.org/2001/XMLSchema-instance" xsi:noNamespaceSchemaLocation="https://maven.apache.org/surefire/maven-surefire-plugin/xsd/surefire-test-report.xsd" name="org.com.liurz.iresources.servcie.AppTest" time="0.042" tests="1" errors="0" skipped="0" failures="0">
  <properties>
    <property name="sun.desktop" value="windows"/>
    <property name="awt.toolkit" value="sun.awt.windows.WToolkit"/>
    <property name="file.encoding.pkg" value="sun.io"/>
    <property name="java.specification.version" value="1.8"/>
    <property name="sun.cpu.isalist" value="amd64"/>
    <property name="sun.jnu.encoding" value="GBK"/>
    <property name="java.class.path" value="D:\workspace\iresources\com.liurz.iresources.servcie\target\test-classes;D:\workspace\iresources\com.liurz.iresources.servcie\target\classes;D:\software\java\meaven\M2\repository\org\springframework\boot\spring-boot-starter\2.0.2.RELEASE\spring-boot-starter-2.0.2.RELEASE.jar;D:\software\java\meaven\M2\repository\org\springframework\boot\spring-boot\2.0.2.RELEASE\spring-boot-2.0.2.RELEASE.jar;D:\software\java\meaven\M2\repository\org\springframework\boot\spring-boot-autoconfigure\2.0.2.RELEASE\spring-boot-autoconfigure-2.0.2.RELEASE.jar;D:\software\java\meaven\M2\repository\org\springframework\boot\spring-boot-starter-logging\2.0.2.RELEASE\spring-boot-starter-logging-2.0.2.RELEASE.jar;D:\software\java\meaven\M2\repository\ch\qos\logback\logback-classic\1.2.3\logback-classic-1.2.3.jar;D:\software\java\meaven\M2\repository\ch\qos\logback\logback-core\1.2.3\logback-core-1.2.3.jar;D:\software\java\meaven\M2\repository\org\apache\logging\log4j\log4j-to-slf4j\2.10.0\log4j-to-slf4j-2.10.0.jar;D:\software\java\meaven\M2\repository\org\apache\logging\log4j\log4j-api\2.10.0\log4j-api-2.10.0.jar;D:\software\java\meaven\M2\repository\org\slf4j\jul-to-slf4j\1.7.25\jul-to-slf4j-1.7.25.jar;D:\software\java\meaven\M2\repository\javax\annotation\javax.annotation-api\1.3.2\javax.annotation-api-1.3.2.jar;D:\software\java\meaven\M2\repository\org\springframework\spring-core\5.0.6.RELEASE\spring-core-5.0.6.RELEASE.jar;D:\software\java\meaven\M2\repository\org\springframework\spring-jcl\5.0.6.RELEASE\spring-jcl-5.0.6.RELEASE.jar;D:\software\java\meaven\M2\repository\org\yaml\snakeyaml\1.19\snakeyaml-1.19.jar;D:\software\java\meaven\M2\repository\org\springframework\boot\spring-boot-starter-web\2.0.2.RELEASE\spring-boot-starter-web-2.0.2.RELEASE.jar;D:\software\java\meaven\M2\repository\org\springframework\boot\spring-boot-starter-json\2.0.2.RELEASE\spring-boot-starter-json-2.0.2.RELEASE.jar;D:\software\java\meaven\M2\repository\com\fasterxml\jackson\datatype\jackson-datatype-jdk8\2.9.5\jackson-datatype-jdk8-2.9.5.jar;D:\software\java\meaven\M2\repository\com\fasterxml\jackson\datatype\jackson-datatype-jsr310\2.9.5\jackson-datatype-jsr310-2.9.5.jar;D:\software\java\meaven\M2\repository\org\springframework\boot\spring-boot-starter-tomcat\2.0.2.RELEASE\spring-boot-starter-tomcat-2.0.2.RELEASE.jar;D:\software\java\meaven\M2\repository\org\apache\tomcat\embed\tomcat-embed-core\8.5.31\tomcat-embed-core-8.5.31.jar;D:\software\java\meaven\M2\repository\org\apache\tomcat\embed\tomcat-embed-el\8.5.31\tomcat-embed-el-8.5.31.jar;D:\software\java\meaven\M2\repository\org\apache\tomcat\embed\tomcat-embed-websocket\8.5.31\tomcat-embed-websocket-8.5.31.jar;D:\software\java\meaven\M2\repository\org\hibernate\validator\hibernate-validator\6.0.9.Final\hibernate-validator-6.0.9.Final.jar;D:\software\java\meaven\M2\repository\javax\validation\validation-api\2.0.1.Final\validation-api-2.0.1.Final.jar;D:\software\java\meaven\M2\repository\org\jboss\logging\jboss-logging\3.3.2.Final\jboss-logging-3.3.2.Final.jar;D:\software\java\meaven\M2\repository\org\springframework\spring-web\5.0.6.RELEASE\spring-web-5.0.6.RELEASE.jar;D:\software\java\meaven\M2\repository\org\springframework\spring-beans\5.0.6.RELEASE\spring-beans-5.0.6.RELEASE.jar;D:\software\java\meaven\M2\repository\org\springframework\spring-webmvc\5.0.6.RELEASE\spring-webmvc-5.0.6.RELEASE.jar;D:\software\java\meaven\M2\repository\org\springframework\spring-expression\5.0.6.RELEASE\spring-expression-5.0.6.RELEASE.jar;D:\software\java\meaven\M2\repository\org\springframework\cloud\spring-cloud-netflix-eureka-client\2.0.0.RELEASE\spring-cloud-netflix-eureka-client-2.0.0.RELEASE.jar;D:\software\java\meaven\M2\repository\org\springframework\cloud\spring-cloud-netflix-core\2.0.0.RELEASE\spring-cloud-netflix-core-2.0.0.RELEASE.jar;D:\software\java\meaven\M2\repository\org\springframework\boot\spring-boot-starter-test\2.0.2.RELEASE\spring-boot-starter-test-2.0.2.RELEASE.jar;D:\software\java\meaven\M2\repository\org\springframework\boot\spring-boot-test\2.0.2.RELEASE\spring-boot-test-2.0.2.RELEASE.jar;D:\software\java\meaven\M2\repository\org\springframework\boot\spring-boot-test-autoconfigure\2.0.2.RELEASE\spring-boot-test-autoconfigure-2.0.2.RELEASE.jar;D:\software\java\meaven\M2\repository\com\jayway\jsonpath\json-path\2.4.0\json-path-2.4.0.jar;D:\software\java\meaven\M2\repository\net\minidev\json-smart\2.3\json-smart-2.3.jar;D:\software\java\meaven\M2\repository\net\minidev\accessors-smart\1.2\accessors-smart-1.2.jar;D:\software\java\meaven\M2\repository\org\ow2\asm\asm\5.0.4\asm-5.0.4.jar;D:\software\java\meaven\M2\repository\junit\junit\4.12\junit-4.12.jar;D:\software\java\meaven\M2\repository\org\assertj\assertj-core\3.9.1\assertj-core-3.9.1.jar;D:\software\java\meaven\M2\repository\org\mockito\mockito-core\2.15.0\mockito-core-2.15.0.jar;D:\software\java\meaven\M2\repository\net\bytebuddy\byte-buddy\1.7.11\byte-buddy-1.7.11.jar;D:\software\java\meaven\M2\repository\net\bytebuddy\byte-buddy-agent\1.7.11\byte-buddy-agent-1.7.11.jar;D:\software\java\meaven\M2\repository\org\objenesis\objenesis\2.6\objenesis-2.6.jar;D:\software\java\meaven\M2\repository\org\hamcrest\hamcrest-core\1.3\hamcrest-core-1.3.jar;D:\software\java\meaven\M2\repository\org\hamcrest\hamcrest-library\1.3\hamcrest-library-1.3.jar;D:\software\java\meaven\M2\repository\org\skyscreamer\jsonassert\1.5.0\jsonassert-1.5.0.jar;D:\software\java\meaven\M2\repository\com\vaadin\external\google\android-json\0.0.20131108.vaadin1\android-json-0.0.20131108.vaadin1.jar;D:\software\java\meaven\M2\repository\org\springframework\spring-test\5.0.6.RELEASE\spring-test-5.0.6.RELEASE.jar;D:\software\java\meaven\M2\repository\org\xmlunit\xmlunit-core\2.5.1\xmlunit-core-2.5.1.jar;D:\software\java\meaven\M2\repository\org\springframework\boot\spring-boot-starter-mail\2.0.2.RELEASE\spring-boot-starter-mail-2.0.2.RELEASE.jar;D:\software\java\meaven\M2\repository\org\springframework\spring-context\5.0.6.RELEASE\spring-context-5.0.6.RELEASE.jar;D:\software\java\meaven\M2\repository\org\springframework\spring-context-support\5.0.6.RELEASE\spring-context-support-5.0.6.RELEASE.jar;D:\software\java\meaven\M2\repository\com\sun\mail\javax.mail\1.6.1\javax.mail-1.6.1.jar;D:\software\java\meaven\M2\repository\javax\activation\activation\1.1\activation-1.1.jar;D:\software\java\meaven\M2\repository\com\alibaba\druid-spring-boot-starter\1.1.9\druid-spring-boot-starter-1.1.9.jar;D:\software\java\meaven\M2\repository\com\alibaba\druid\1.1.9\druid-1.1.9.jar;D:\software\java\meaven\M2\repository\org\slf4j\slf4j-api\1.7.25\slf4j-api-1.7.25.jar;D:\software\java\meaven\M2\repository\com\github\ulisesbocchio\jasypt-spring-boot-starter\1.14\jasypt-spring-boot-starter-1.14.jar;D:\software\java\meaven\M2\repository\com\github\ulisesbocchio\jasypt-spring-boot\1.14\jasypt-spring-boot-1.14.jar;D:\software\java\meaven\M2\repository\org\jasypt\jasypt\1.9.2\jasypt-1.9.2.jar;D:\software\java\meaven\M2\repository\org\springframework\boot\spring-boot-devtools\2.0.2.RELEASE\spring-boot-devtools-2.0.2.RELEASE.jar;D:\software\java\meaven\M2\repository\javax\servlet\javax.servlet-api\3.0.1\javax.servlet-api-3.0.1.jar;D:\software\java\meaven\M2\repository\com\fasterxml\jackson\core\jackson-core\2.9.5\jackson-core-2.9.5.jar;D:\software\java\meaven\M2\repository\com\fasterxml\jackson\core\jackson-databind\2.9.5\jackson-databind-2.9.5.jar;D:\software\java\meaven\M2\repository\com\fasterxml\jackson\core\jackson-annotations\2.9.0\jackson-annotations-2.9.0.jar;D:\software\java\meaven\M2\repository\com\fasterxml\jackson\datatype\jackson-datatype-joda\2.9.5\jackson-datatype-joda-2.9.5.jar;D:\software\java\meaven\M2\repository\joda-time\joda-time\2.9.9\joda-time-2.9.9.jar;D:\software\java\meaven\M2\repository\com\fasterxml\jackson\module\jackson-module-parameter-names\2.9.5\jackson-module-parameter-names-2.9.5.jar;D:\software\java\meaven\M2\repository\com\alibaba\fastjson\1.2.15\fastjson-1.2.15.jar;D:\software\java\meaven\M2\repository\commons-fileupload\commons-fileupload\1.3.2\commons-fileupload-1.3.2.jar;D:\software\java\meaven\M2\repository\commons-io\commons-io\2.5\commons-io-2.5.jar;D:\software\java\meaven\M2\repository\redis\clients\jedis\2.9.0\jedis-2.9.0.jar;D:\software\java\meaven\M2\repository\org\apache\commons\commons-pool2\2.5.0\commons-pool2-2.5.0.jar;D:\software\java\meaven\M2\repository\org\json\json\20171018\json-20171018.jar;D:\software\java\meaven\M2\repository\com\liferay\org.apache.commons.fileupload\1.2.2.LIFERAY-PATCHED-1\org.apache.commons.fileupload-1.2.2.LIFERAY-PATCHED-1.jar;D:\software\java\meaven\M2\repository\io\springfox\springfox-swagger-ui\2.8.0\springfox-swagger-ui-2.8.0.jar;D:\software\java\meaven\M2\repository\io\springfox\springfox-spring-web\2.8.0\springfox-spring-web-2.8.0.jar;D:\software\java\meaven\M2\repository\org\reflections\reflections\0.9.11\reflections-0.9.11.jar;D:\software\java\meaven\M2\repository\org\javassist\javassist\3.21.0-GA\javassist-3.21.0-GA.jar;D:\software\java\meaven\M2\repository\io\springfox\springfox-swagger2\2.8.0\springfox-swagger2-2.8.0.jar;D:\software\java\meaven\M2\repository\io\swagger\swagger-annotations\1.5.14\swagger-annotations-1.5.14.jar;D:\software\java\meaven\M2\repository\io\swagger\swagger-models\1.5.14\swagger-models-1.5.14.jar;D:\software\java\meaven\M2\repository\io\springfox\springfox-spi\2.8.0\springfox-spi-2.8.0.jar;D:\software\java\meaven\M2\repository\io\springfox\springfox-core\2.8.0\springfox-core-2.8.0.jar;D:\software\java\meaven\M2\repository\io\springfox\springfox-schema\2.8.0\springfox-schema-2.8.0.jar;D:\software\java\meaven\M2\repository\io\springfox\springfox-swagger-common\2.8.0\springfox-swagger-common-2.8.0.jar;D:\software\java\meaven\M2\repository\com\google\guava\guava\20.0\guava-20.0.jar;D:\software\java\meaven\M2\repository\com\fasterxml\classmate\1.3.4\classmate-1.3.4.jar;D:\software\java\meaven\M2\repository\org\springframework\plugin\spring-plugin-core\1.2.0.RELEASE\spring-plugin-core-1.2.0.RELEASE.jar;D:\software\java\meaven\M2\repository\org\springframework\plugin\spring-plugin-metadata\1.2.0.RELEASE\spring-plugin-metadata-1.2.0.RELEASE.jar;D:\software\java\meaven\M2\repository\org\mapstruct\mapstruct\1.2.0.Final\mapstruct-1.2.0.Final.jar;D:\software\java\meaven\M2\repository\org\apache\poi\poi\4.0.1\poi-4.0.1.jar;D:\software\java\meaven\M2\repository\commons-codec\commons-codec\1.11\commons-codec-1.11.jar;D:\software\java\meaven\M2\repository\org\apache\commons\commons-collections4\4.2\commons-collections4-4.2.jar;D:\software\java\meaven\M2\repository\org\apache\commons\commons-math3\3.6.1\commons-math3-3.6.1.jar;D:\software\java\meaven\M2\repository\org\apache\poi\poi-ooxml\4.0.1\poi-ooxml-4.0.1.jar;D:\software\java\meaven\M2\repository\org\apache\poi\poi-ooxml-schemas\4.0.1\poi-ooxml-schemas-4.0.1.jar;D:\software\java\meaven\M2\repository\org\apache\xmlbeans\xmlbeans\3.0.2\xmlbeans-3.0.2.jar;D:\software\java\meaven\M2\repository\org\apache\commons\commons-compress\1.18\commons-compress-1.18.jar;D:\software\java\meaven\M2\repository\com\github\virtuald\curvesapi\1.05\curvesapi-1.05.jar;D:\software\java\meaven\M2\repository\org\springframework\boot\spring-boot-starter-aop\2.0.2.RELEASE\spring-boot-starter-aop-2.0.2.RELEASE.jar;D:\software\java\meaven\M2\repository\org\springframework\spring-aop\5.0.6.RELEASE\spring-aop-5.0.6.RELEASE.jar;D:\software\java\meaven\M2\repository\org\aspectj\aspectjweaver\1.8.13\aspectjweaver-1.8.13.jar;D:\software\java\meaven\M2\repository\log4j\log4j\1.2.16\log4j-1.2.16.jar;D:\software\java\meaven\M2\repository\org\slf4j\slf4j-log4j12\1.6.6\slf4j-log4j12-1.6.6.jar;D:\software\java\meaven\M2\repository\org\mybatis\spring\boot\mybatis-spring-boot-starter\1.3.2\mybatis-spring-boot-starter-1.3.2.jar;D:\software\java\meaven\M2\repository\org\springframework\boot\spring-boot-starter-jdbc\2.0.2.RELEASE\spring-boot-starter-jdbc-2.0.2.RELEASE.jar;D:\software\java\meaven\M2\repository\com\zaxxer\HikariCP\2.7.9\HikariCP-2.7.9.jar;D:\software\java\meaven\M2\repository\org\springframework\spring-jdbc\5.0.6.RELEASE\spring-jdbc-5.0.6.RELEASE.jar;D:\software\java\meaven\M2\repository\org\springframework\spring-tx\5.0.6.RELEASE\spring-tx-5.0.6.RELEASE.jar;D:\software\java\meaven\M2\repository\org\mybatis\spring\boot\mybatis-spring-boot-autoconfigure\1.3.2\mybatis-spring-boot-autoconfigure-1.3.2.jar;D:\software\java\meaven\M2\repository\org\mybatis\mybatis\3.4.6\mybatis-3.4.6.jar;D:\software\java\meaven\M2\repository\org\mybatis\mybatis-spring\1.3.2\mybatis-spring-1.3.2.jar;D:\software\java\meaven\M2\repository\mysql\mysql-connector-java\5.1.46\mysql-connector-java-5.1.46.jar;D:\software\java\meaven\M2\repository\com\github\pagehelper\pagehelper-spring-boot-starter\1.2.5\pagehelper-spring-boot-starter-1.2.5.jar;D:\software\java\meaven\M2\repository\com\github\pagehelper\pagehelper-spring-boot-autoconfigure\1.2.5\pagehelper-spring-boot-autoconfigure-1.2.5.jar;D:\software\java\meaven\M2\repository\com\github\pagehelper\pagehelper\5.1.4\pagehelper-5.1.4.jar;D:\software\java\meaven\M2\repository\com\github\jsqlparser\jsqlparser\1.0\jsqlparser-1.0.jar;D:\software\java\meaven\M2\repository\org\mybatis\generator\mybatis-generator-core\1.3.2\mybatis-generator-core-1.3.2.jar;"/>
    <property name="java.vm.vendor" value="Oracle Corporation"/>
    <property name="sun.arch.data.model" value="64"/>
    <property name="user.variant" value=""/>
    <property name="java.vendor.url" value="http://java.oracle.com/"/>
    <property name="user.timezone" value="Asia/Shanghai"/>
    <property name="java.vm.specification.version" value="1.8"/>
    <property name="os.name" value="Windows 8.1"/>
    <property name="user.country" value="CN"/>
    <property name="sun.java.launcher" value="SUN_STANDARD"/>
    <property name="sun.boot.library.path" value="C:\Program Files\Java\jdk1.8.0_25\jre\bin"/>
    <property name="sun.java.command" value="C:\Users\new\AppData\Local\Temp\surefire2743284909976108532\surefirebooter9097151893639119379.jar C:\Users\new\AppData\Local\Temp\surefire2743284909976108532 2020-06-03T20-47-03_892-jvmRun1 surefire1525606759421065120tmp surefire_0213294843332954571tmp"/>
    <property name="surefire.test.class.path" value="D:\workspace\iresources\com.liurz.iresources.servcie\target\test-classes;D:\workspace\iresources\com.liurz.iresources.servcie\target\classes;D:\software\java\meaven\M2\repository\org\springframework\boot\spring-boot-starter\2.0.2.RELEASE\spring-boot-starter-2.0.2.RELEASE.jar;D:\software\java\meaven\M2\repository\org\springframework\boot\spring-boot\2.0.2.RELEASE\spring-boot-2.0.2.RELEASE.jar;D:\software\java\meaven\M2\repository\org\springframework\boot\spring-boot-autoconfigure\2.0.2.RELEASE\spring-boot-autoconfigure-2.0.2.RELEASE.jar;D:\software\java\meaven\M2\repository\org\springframework\boot\spring-boot-starter-logging\2.0.2.RELEASE\spring-boot-starter-logging-2.0.2.RELEASE.jar;D:\software\java\meaven\M2\repository\ch\qos\logback\logback-classic\1.2.3\logback-classic-1.2.3.jar;D:\software\java\meaven\M2\repository\ch\qos\logback\logback-core\1.2.3\logback-core-1.2.3.jar;D:\software\java\meaven\M2\repository\org\apache\logging\log4j\log4j-to-slf4j\2.10.0\log4j-to-slf4j-2.10.0.jar;D:\software\java\meaven\M2\repository\org\apache\logging\log4j\log4j-api\2.10.0\log4j-api-2.10.0.jar;D:\software\java\meaven\M2\repository\org\slf4j\jul-to-slf4j\1.7.25\jul-to-slf4j-1.7.25.jar;D:\software\java\meaven\M2\repository\javax\annotation\javax.annotation-api\1.3.2\javax.annotation-api-1.3.2.jar;D:\software\java\meaven\M2\repository\org\springframework\spring-core\5.0.6.RELEASE\spring-core-5.0.6.RELEASE.jar;D:\software\java\meaven\M2\repository\org\springframework\spring-jcl\5.0.6.RELEASE\spring-jcl-5.0.6.RELEASE.jar;D:\software\java\meaven\M2\repository\org\yaml\snakeyaml\1.19\snakeyaml-1.19.jar;D:\software\java\meaven\M2\repository\org\springframework\boot\spring-boot-starter-web\2.0.2.RELEASE\spring-boot-starter-web-2.0.2.RELEASE.jar;D:\software\java\meaven\M2\repository\org\springframework\boot\spring-boot-starter-json\2.0.2.RELEASE\spring-boot-starter-json-2.0.2.RELEASE.jar;D:\software\java\meaven\M2\repository\com\fasterxml\jackson\datatype\jackson-datatype-jdk8\2.9.5\jackson-datatype-jdk8-2.9.5.jar;D:\software\java\meaven\M2\repository\com\fasterxml\jackson\datatype\jackson-datatype-jsr310\2.9.5\jackson-datatype-jsr310-2.9.5.jar;D:\software\java\meaven\M2\repository\org\springframework\boot\spring-boot-starter-tomcat\2.0.2.RELEASE\spring-boot-starter-tomcat-2.0.2.RELEASE.jar;D:\software\java\meaven\M2\repository\org\apache\tomcat\embed\tomcat-embed-core\8.5.31\tomcat-embed-core-8.5.31.jar;D:\software\java\meaven\M2\repository\org\apache\tomcat\embed\tomcat-embed-el\8.5.31\tomcat-embed-el-8.5.31.jar;D:\software\java\meaven\M2\repository\org\apache\tomcat\embed\tomcat-embed-websocket\8.5.31\tomcat-embed-websocket-8.5.31.jar;D:\software\java\meaven\M2\repository\org\hibernate\validator\hibernate-validator\6.0.9.Final\hibernate-validator-6.0.9.Final.jar;D:\software\java\meaven\M2\repository\javax\validation\validation-api\2.0.1.Final\validation-api-2.0.1.Final.jar;D:\software\java\meaven\M2\repository\org\jboss\logging\jboss-logging\3.3.2.Final\jboss-logging-3.3.2.Final.jar;D:\software\java\meaven\M2\repository\org\springframework\spring-web\5.0.6.RELEASE\spring-web-5.0.6.RELEASE.jar;D:\software\java\meaven\M2\repository\org\springframework\spring-beans\5.0.6.RELEASE\spring-beans-5.0.6.RELEASE.jar;D:\software\java\meaven\M2\repository\org\springframework\spring-webmvc\5.0.6.RELEASE\spring-webmvc-5.0.6.RELEASE.jar;D:\software\java\meaven\M2\repository\org\springframework\spring-expression\5.0.6.RELEASE\spring-expression-5.0.6.RELEASE.jar;D:\software\java\meaven\M2\repository\org\springframework\cloud\spring-cloud-netflix-eureka-client\2.0.0.RELEASE\spring-cloud-netflix-eureka-client-2.0.0.RELEASE.jar;D:\software\java\meaven\M2\repository\org\springframework\cloud\spring-cloud-netflix-core\2.0.0.RELEASE\spring-cloud-netflix-core-2.0.0.RELEASE.jar;D:\software\java\meaven\M2\repository\org\springframework\boot\spring-boot-starter-test\2.0.2.RELEASE\spring-boot-starter-test-2.0.2.RELEASE.jar;D:\software\java\meaven\M2\repository\org\springframework\boot\spring-boot-test\2.0.2.RELEASE\spring-boot-test-2.0.2.RELEASE.jar;D:\software\java\meaven\M2\repository\org\springframework\boot\spring-boot-test-autoconfigure\2.0.2.RELEASE\spring-boot-test-autoconfigure-2.0.2.RELEASE.jar;D:\software\java\meaven\M2\repository\com\jayway\jsonpath\json-path\2.4.0\json-path-2.4.0.jar;D:\software\java\meaven\M2\repository\net\minidev\json-smart\2.3\json-smart-2.3.jar;D:\software\java\meaven\M2\repository\net\minidev\accessors-smart\1.2\accessors-smart-1.2.jar;D:\software\java\meaven\M2\repository\org\ow2\asm\asm\5.0.4\asm-5.0.4.jar;D:\software\java\meaven\M2\repository\junit\junit\4.12\junit-4.12.jar;D:\software\java\meaven\M2\repository\org\assertj\assertj-core\3.9.1\assertj-core-3.9.1.jar;D:\software\java\meaven\M2\repository\org\mockito\mockito-core\2.15.0\mockito-core-2.15.0.jar;D:\software\java\meaven\M2\repository\net\bytebuddy\byte-buddy\1.7.11\byte-buddy-1.7.11.jar;D:\software\java\meaven\M2\repository\net\bytebuddy\byte-buddy-agent\1.7.11\byte-buddy-agent-1.7.11.jar;D:\software\java\meaven\M2\repository\org\objenesis\objenesis\2.6\objenesis-2.6.jar;D:\software\java\meaven\M2\repository\org\hamcrest\hamcrest-core\1.3\hamcrest-core-1.3.jar;D:\software\java\meaven\M2\repository\org\hamcrest\hamcrest-library\1.3\hamcrest-library-1.3.jar;D:\software\java\meaven\M2\repository\org\skyscreamer\jsonassert\1.5.0\jsonassert-1.5.0.jar;D:\software\java\meaven\M2\repository\com\vaadin\external\google\android-json\0.0.20131108.vaadin1\android-json-0.0.20131108.vaadin1.jar;D:\software\java\meaven\M2\repository\org\springframework\spring-test\5.0.6.RELEASE\spring-test-5.0.6.RELEASE.jar;D:\software\java\meaven\M2\repository\org\xmlunit\xmlunit-core\2.5.1\xmlunit-core-2.5.1.jar;D:\software\java\meaven\M2\repository\org\springframework\boot\spring-boot-starter-mail\2.0.2.RELEASE\spring-boot-starter-mail-2.0.2.RELEASE.jar;D:\software\java\meaven\M2\repository\org\springframework\spring-context\5.0.6.RELEASE\spring-context-5.0.6.RELEASE.jar;D:\software\java\meaven\M2\repository\org\springframework\spring-context-support\5.0.6.RELEASE\spring-context-support-5.0.6.RELEASE.jar;D:\software\java\meaven\M2\repository\com\sun\mail\javax.mail\1.6.1\javax.mail-1.6.1.jar;D:\software\java\meaven\M2\repository\javax\activation\activation\1.1\activation-1.1.jar;D:\software\java\meaven\M2\repository\com\alibaba\druid-spring-boot-starter\1.1.9\druid-spring-boot-starter-1.1.9.jar;D:\software\java\meaven\M2\repository\com\alibaba\druid\1.1.9\druid-1.1.9.jar;D:\software\java\meaven\M2\repository\org\slf4j\slf4j-api\1.7.25\slf4j-api-1.7.25.jar;D:\software\java\meaven\M2\repository\com\github\ulisesbocchio\jasypt-spring-boot-starter\1.14\jasypt-spring-boot-starter-1.14.jar;D:\software\java\meaven\M2\repository\com\github\ulisesbocchio\jasypt-spring-boot\1.14\jasypt-spring-boot-1.14.jar;D:\software\java\meaven\M2\repository\org\jasypt\jasypt\1.9.2\jasypt-1.9.2.jar;D:\software\java\meaven\M2\repository\org\springframework\boot\spring-boot-devtools\2.0.2.RELEASE\spring-boot-devtools-2.0.2.RELEASE.jar;D:\software\java\meaven\M2\repository\javax\servlet\javax.servlet-api\3.0.1\javax.servlet-api-3.0.1.jar;D:\software\java\meaven\M2\repository\com\fasterxml\jackson\core\jackson-core\2.9.5\jackson-core-2.9.5.jar;D:\software\java\meaven\M2\repository\com\fasterxml\jackson\core\jackson-databind\2.9.5\jackson-databind-2.9.5.jar;D:\software\java\meaven\M2\repository\com\fasterxml\jackson\core\jackson-annotations\2.9.0\jackson-annotations-2.9.0.jar;D:\software\java\meaven\M2\repository\com\fasterxml\jackson\datatype\jackson-datatype-joda\2.9.5\jackson-datatype-joda-2.9.5.jar;D:\software\java\meaven\M2\repository\joda-time\joda-time\2.9.9\joda-time-2.9.9.jar;D:\software\java\meaven\M2\repository\com\fasterxml\jackson\module\jackson-module-parameter-names\2.9.5\jackson-module-parameter-names-2.9.5.jar;D:\software\java\meaven\M2\repository\com\alibaba\fastjson\1.2.15\fastjson-1.2.15.jar;D:\software\java\meaven\M2\repository\commons-fileupload\commons-fileupload\1.3.2\commons-fileupload-1.3.2.jar;D:\software\java\meaven\M2\repository\commons-io\commons-io\2.5\commons-io-2.5.jar;D:\software\java\meaven\M2\repository\redis\clients\jedis\2.9.0\jedis-2.9.0.jar;D:\software\java\meaven\M2\repository\org\apache\commons\commons-pool2\2.5.0\commons-pool2-2.5.0.jar;D:\software\java\meaven\M2\repository\org\json\json\20171018\json-20171018.jar;D:\software\java\meaven\M2\repository\com\liferay\org.apache.commons.fileupload\1.2.2.LIFERAY-PATCHED-1\org.apache.commons.fileupload-1.2.2.LIFERAY-PATCHED-1.jar;D:\software\java\meaven\M2\repository\io\springfox\springfox-swagger-ui\2.8.0\springfox-swagger-ui-2.8.0.jar;D:\software\java\meaven\M2\repository\io\springfox\springfox-spring-web\2.8.0\springfox-spring-web-2.8.0.jar;D:\software\java\meaven\M2\repository\org\reflections\reflections\0.9.11\reflections-0.9.11.jar;D:\software\java\meaven\M2\repository\org\javassist\javassist\3.21.0-GA\javassist-3.21.0-GA.jar;D:\software\java\meaven\M2\repository\io\springfox\springfox-swagger2\2.8.0\springfox-swagger2-2.8.0.jar;D:\software\java\meaven\M2\repository\io\swagger\swagger-annotations\1.5.14\swagger-annotations-1.5.14.jar;D:\software\java\meaven\M2\repository\io\swagger\swagger-models\1.5.14\swagger-models-1.5.14.jar;D:\software\java\meaven\M2\repository\io\springfox\springfox-spi\2.8.0\springfox-spi-2.8.0.jar;D:\software\java\meaven\M2\repository\io\springfox\springfox-core\2.8.0\springfox-core-2.8.0.jar;D:\software\java\meaven\M2\repository\io\springfox\springfox-schema\2.8.0\springfox-schema-2.8.0.jar;D:\software\java\meaven\M2\repository\io\springfox\springfox-swagger-common\2.8.0\springfox-swagger-common-2.8.0.jar;D:\software\java\meaven\M2\repository\com\google\guava\guava\20.0\guava-20.0.jar;D:\software\java\meaven\M2\repository\com\fasterxml\classmate\1.3.4\classmate-1.3.4.jar;D:\software\java\meaven\M2\repository\org\springframework\plugin\spring-plugin-core\1.2.0.RELEASE\spring-plugin-core-1.2.0.RELEASE.jar;D:\software\java\meaven\M2\repository\org\springframework\plugin\spring-plugin-metadata\1.2.0.RELEASE\spring-plugin-metadata-1.2.0.RELEASE.jar;D:\software\java\meaven\M2\repository\org\mapstruct\mapstruct\1.2.0.Final\mapstruct-1.2.0.Final.jar;D:\software\java\meaven\M2\repository\org\apache\poi\poi\4.0.1\poi-4.0.1.jar;D:\software\java\meaven\M2\repository\commons-codec\commons-codec\1.11\commons-codec-1.11.jar;D:\software\java\meaven\M2\repository\org\apache\commons\commons-collections4\4.2\commons-collections4-4.2.jar;D:\software\java\meaven\M2\repository\org\apache\commons\commons-math3\3.6.1\commons-math3-3.6.1.jar;D:\software\java\meaven\M2\repository\org\apache\poi\poi-ooxml\4.0.1\poi-ooxml-4.0.1.jar;D:\software\java\meaven\M2\repository\org\apache\poi\poi-ooxml-schemas\4.0.1\poi-ooxml-schemas-4.0.1.jar;D:\software\java\meaven\M2\repository\org\apache\xmlbeans\xmlbeans\3.0.2\xmlbeans-3.0.2.jar;D:\software\java\meaven\M2\repository\org\apache\commons\commons-compress\1.18\commons-compress-1.18.jar;D:\software\java\meaven\M2\repository\com\github\virtuald\curvesapi\1.05\curvesapi-1.05.jar;D:\software\java\meaven\M2\repository\org\springframework\boot\spring-boot-starter-aop\2.0.2.RELEASE\spring-boot-starter-aop-2.0.2.RELEASE.jar;D:\software\java\meaven\M2\repository\org\springframework\spring-aop\5.0.6.RELEASE\spring-aop-5.0.6.RELEASE.jar;D:\software\java\meaven\M2\repository\org\aspectj\aspectjweaver\1.8.13\aspectjweaver-1.8.13.jar;D:\software\java\meaven\M2\repository\log4j\log4j\1.2.16\log4j-1.2.16.jar;D:\software\java\meaven\M2\repository\org\slf4j\slf4j-log4j12\1.6.6\slf4j-log4j12-1.6.6.jar;D:\software\java\meaven\M2\repository\org\mybatis\spring\boot\mybatis-spring-boot-starter\1.3.2\mybatis-spring-boot-starter-1.3.2.jar;D:\software\java\meaven\M2\repository\org\springframework\boot\spring-boot-starter-jdbc\2.0.2.RELEASE\spring-boot-starter-jdbc-2.0.2.RELEASE.jar;D:\software\java\meaven\M2\repository\com\zaxxer\HikariCP\2.7.9\HikariCP-2.7.9.jar;D:\software\java\meaven\M2\repository\org\springframework\spring-jdbc\5.0.6.RELEASE\spring-jdbc-5.0.6.RELEASE.jar;D:\software\java\meaven\M2\repository\org\springframework\spring-tx\5.0.6.RELEASE\spring-tx-5.0.6.RELEASE.jar;D:\software\java\meaven\M2\repository\org\mybatis\spring\boot\mybatis-spring-boot-autoconfigure\1.3.2\mybatis-spring-boot-autoconfigure-1.3.2.jar;D:\software\java\meaven\M2\repository\org\mybatis\mybatis\3.4.6\mybatis-3.4.6.jar;D:\software\java\meaven\M2\repository\org\mybatis\mybatis-spring\1.3.2\mybatis-spring-1.3.2.jar;D:\software\java\meaven\M2\repository\mysql\mysql-connector-java\5.1.46\mysql-connector-java-5.1.46.jar;D:\software\java\meaven\M2\repository\com\github\pagehelper\pagehelper-spring-boot-starter\1.2.5\pagehelper-spring-boot-starter-1.2.5.jar;D:\software\java\meaven\M2\repository\com\github\pagehelper\pagehelper-spring-boot-autoconfigure\1.2.5\pagehelper-spring-boot-autoconfigure-1.2.5.jar;D:\software\java\meaven\M2\repository\com\github\pagehelper\pagehelper\5.1.4\pagehelper-5.1.4.jar;D:\software\java\meaven\M2\repository\com\github\jsqlparser\jsqlparser\1.0\jsqlparser-1.0.jar;D:\software\java\meaven\M2\repository\org\mybatis\generator\mybatis-generator-core\1.3.2\mybatis-generator-core-1.3.2.jar;"/>
    <property name="sun.cpu.endian" value="little"/>
    <property name="user.home" value="C:\Users\new"/>
    <property name="user.language" value="zh"/>
    <property name="java.specification.vendor" value="Oracle Corporation"/>
    <property name="java.home" value="C:\Program Files\Java\jdk1.8.0_25\jre"/>
    <property name="basedir" value="D:\workspace\iresources\com.liurz.iresources.servcie"/>
    <property name="file.separator" value="\"/>
    <property name="line.separator" value="&#10;"/>
    <property name="java.vm.specification.vendor" value="Oracle Corporation"/>
    <property name="java.specification.name" value="Java Platform API Specification"/>
    <property name="java.awt.graphicsenv" value="sun.awt.Win32GraphicsEnvironment"/>
    <property name="surefire.real.class.path" value="C:\Users\new\AppData\Local\Temp\surefire2743284909976108532\surefirebooter9097151893639119379.jar"/>
    <property name="sun.boot.class.path" value="C:\Program Files\Java\jdk1.8.0_25\jre\lib\resources.jar;C:\Program Files\Java\jdk1.8.0_25\jre\lib\rt.jar;C:\Program Files\Java\jdk1.8.0_25\jre\lib\sunrsasign.jar;C:\Program Files\Java\jdk1.8.0_25\jre\lib\jsse.jar;C:\Program Files\Java\jdk1.8.0_25\jre\lib\jce.jar;C:\Program Files\Java\jdk1.8.0_25\jre\lib\charsets.jar;C:\Program Files\Java\jdk1.8.0_25\jre\lib\jfr.jar;C:\Program Files\Java\jdk1.8.0_25\jre\classes"/>
    <property name="user.script" value=""/>
    <property name="sun.management.compiler" value="HotSpot 64-Bit Tiered Compilers"/>
    <property name="java.runtime.version" value="1.8.0_25-b18"/>
    <property name="user.name" value="admin"/>
    <property name="path.separator" value=";"/>
    <property name="os.version" value="6.3"/>
    <property name="java.endorsed.dirs" value="C:\Program Files\Java\jdk1.8.0_25\jre\lib\endorsed"/>
    <property name="java.runtime.name" value="Java(TM) SE Runtime Environment"/>
    <property name="file.encoding" value="GBK"/>
    <property name="java.vm.name" value="Java HotSpot(TM) 64-Bit Server VM"/>
    <property name="localRepository" value="D:\software\java\meaven\M2\repository"/>
    <property name="java.vendor.url.bug" value="http://bugreport.sun.com/bugreport/"/>
    <property name="java.io.tmpdir" value="C:\Users\new\AppData\Local\Temp\"/>
    <property name="java.version" value="1.8.0_25"/>
    <property name="user.dir" value="D:\workspace\iresources\com.liurz.iresources.servcie"/>
    <property name="os.arch" value="amd64"/>
    <property name="java.vm.specification.name" value="Java Virtual Machine Specification"/>
    <property name="java.awt.printerjob" value="sun.awt.windows.WPrinterJob"/>
    <property name="sun.os.patch.level" value=""/>
    <property name="java.library.path" value="C:\Program Files\Java\jdk1.8.0_25\jre\bin;C:\WINDOWS\Sun\Java\bin;C:\WINDOWS\system32;C:\WINDOWS;C:/Program Files/Java/jre1.8.0_25/bin/server;C:/Program Files/Java/jre1.8.0_25/bin;C:/Program Files/Java/jre1.8.0_25/lib/amd64;C:\Program Files (x86)\Common Files\Oracle\Java\javapath;C:\ProgramData\Oracle\Java\javapath;C:\Program Files\Java\jdk1.8.0_25\bin;D:\software\java\meaven\apache-maven-3.3.3\bin;C:\Program Files (x86)\Intel\iCLS Client\;C:\Program Files\Intel\iCLS Client\;C:\WINDOWS\system32;C:\WINDOWS;C:\WINDOWS\System32\Wbem;C:\WINDOWS\System32\WindowsPowerShell\v1.0\;C:\Program Files (x86)\Intel\Intel(R) Management Engine Components\DAL;C:\Program Files\Intel\Intel(R) Management Engine Components\DAL;C:\Program Files (x86)\Intel\Intel(R) Management Engine Components\IPT;C:\Program Files\Intel\Intel(R) Management Engine Components\IPT;C:\WINDOWS\System32\OpenSSH\;C:\Program Files\Intel\WiFi\bin\;C:\Program Files\Common Files\Intel\WirelessCommon\;D:\software\java\database\mysql-5.7.23-winx64\mysql-5.7.23-winx64\bin;D:\software\java\database\mongodb\mongodb\bin;D:\software\handel\Git\cmd;D:\software\handel\;C:\Program Files\TortoiseGit\bin;C:\Users\new\AppData\Local\Microsoft\WindowsApps;;D:\software\handel\ssh;C:\Users\new\AppData\Roaming\npm;D:\software\java\eclipse\eclipse(1.7)\eclipse;;."/>
    <property name="java.vm.info" value="mixed mode"/>
    <property name="java.vendor" value="Oracle Corporation"/>
    <property name="java.vm.version" value="25.25-b02"/>
    <property name="java.ext.dirs" value="C:\Program Files\Java\jdk1.8.0_25\jre\lib\ext;C:\WINDOWS\Sun\Java\lib\ext"/>
    <property name="sun.io.unicode.encoding" value="UnicodeLittle"/>
    <property name="java.class.version" value="52.0"/>
  </properties>
  <testcase name="testApp" classname="org.com.liurz.iresources.servcie.AppTest" time="0.002"/>
</testsuite>